{"op": "SET", "key": "name", "value": "Aswathi"}
{"op": "SET", "key": "city", "value": "Chennai"}
{"op": "DEL", "key": "name"}
{"op": "SET", "key": "name", "value": "Aswathi"}
{"op": "DEL", "key": "name"}
{"op": "SET", "key": "name", "value": "Aswathi"}
{"op": "SET", "key": "key0", "value": "value0"}
{"op": "SET", "key": "key1", "value": "value1"}
{"op": "SET", "key": "key2", "value": "value2"}
{"op": "SET", "key": "key3", "value": "value3"}
{"op": "SET", "key": "key4", "value": "value4"}
{"op": "SET", "key": "key5", "value": "value5"}
{"op": "SET", "key": "key6", "value": "value6"}
{"op": "SET", "key": "key7", "value": "value7"}
{"op": "SET", "key": "key8", "value": "value8"}
{"op": "SET", "key": "key9", "value": "value9"}
{"op": "SET", "key": "key10", "value": "value10"}
{"op": "SET", "key": "key11", "value": "value11"}
{"op": "SET", "key": "key12", "value": "value12"}
{"op": "SET", "key": "key13", "value": "value13"}
{"op": "SET", "key": "key14", "value": "value14"}
{"op": "SET", "key": "key15", "value": "value15"}
{"op": "SET", "key": "key16", "value": "value16"}
{"op": "SET", "key": "key17", "value": "value17"}
{"op": "SET", "key": "key18", "value": "value18"}
{"op": "SET", "key": "key19", "value": "value19"}
{"op": "SET", "key": "key20", "value": "value20"}
{"op": "SET", "key": "key21", "value": "value21"}
{"op": "SET", "key": "key22", "value": "value22"}
{"op": "SET", "key": "key23", "value": "value23"}
{"op": "SET", "key": "key24", "value": "value24"}
{"op": "SET", "key": "name", "value": "Aswathi"}
{"op": "SET", "key": "city", "value": "Chennai"}
{"op": "SET", "key": "key0", "value": "value0"}
{"op": "SET", "key": "key1", "value": "value1"}
{"op": "SET", "key": "key2", "value": "value2"}
{"op": "SET", "key": "key3", "value": "value3"}
{"op": "SET", "key": "key4", "value": "value4"}
{"op": "SET", "key": "key5", "value": "value5"}
{"op": "SET", "key": "key6", "value": "value6"}
{"op": "SET", "key": "key7", "value": "value7"}
{"op": "SET", "key": "key8", "value": "value8"}
{"op": "SET", "key": "key9", "value": "value9"}
{"op": "SET", "key": "key10", "value": "value10"}
{"op": "SET", "key": "key11", "value": "value11"}
{"op": "SET", "key": "key12", "value": "value12"}
{"op": "SET", "key": "key13", "value": "value13"}
{"op": "SET", "key": "key14", "value": "value14"}
{"op": "SET", "key": "key15", "value": "value15"}
{"op": "SET", "key": "key16", "value": "value16"}
{"op": "SET", "key": "key17", "value": "value17"}
{"op": "SET", "key": "key18", "value": "value18"}
{"op": "SET", "key": "key19", "value": "value19"}
{"op": "SET", "key": "key20", "value": "value20"}
{"op": "SET", "key": "key21", "value": "value21"}
{"op": "SET", "key": "key22", "value": "value22"}
{"op": "SET", "key": "key23", "value": "value23"}
{"op": "SET", "key": "key24", "value": "value24"}
{"op": "SET", "key": "key25", "value": "value25"}
{"op": "SET", "key": "key26", "value": "value26"}
{"op": "SET", "key": "key27", "value": "value27"}
{"op": "SET", "key": "key28", "value": "value28"}
{"op": "SET", "key": "key29", "value": "value29"}
{"op": "SET", "key": "key30", "value": "value30"}
{"op": "SET", "key": "key31", "value": "value31"}
{"op": "SET", "key": "key32", "value": "value32"}
{"op": "SET", "key": "key33", "value": "value33"}
{"op": "SET", "key": "key34", "value": "value34"}
{"op": "SET", "key": "key35", "value": "value35"}
{"op": "SET", "key": "key36", "value": "value36"}
{"op": "SET", "key": "key37", "value": "value37"}
{"op": "SET", "key": "name", "value": "Aswathi"}
{"op": "SET", "key": "key0", "value": "value0"}
{"op": "SET", "key": "key1", "value": "value1"}
{"op": "SET", "key": "key2", "value": "value2"}
{"op": "SET", "key": "key3", "value": "value3"}
{"op": "SET", "key": "key4", "value": "value4"}
{"op": "SET", "key": "key5", "value": "value5"}
{"op": "SET", "key": "key6", "value": "value6"}
{"op": "SET", "key": "key7", "value": "value7"}
{"op": "SET", "key": "key8", "value": "value8"}
{"op": "SET", "key": "key9", "value": "value9"}
{"op": "SET", "key": "key10", "value": "value10"}
{"op": "SET", "key": "key11", "value": "value11"}
{"op": "SET", "key": "key12", "value": "value12"}
{"op": "SET", "key": "key13", "value": "value13"}
{"op": "SET", "key": "key14", "value": "value14"}
{"op": "SET", "key": "key15", "value": "value15"}
{"op": "SET", "key": "key16", "value": "value16"}
{"op": "SET", "key": "key17", "value": "value17"}
{"op": "SET", "key": "key18", "value": "value18"}
{"op": "SET", "key": "key19", "value": "value19"}
{"op": "SET", "key": "key20", "value": "value20"}
{"op": "SET", "key": "key21", "value": "value21"}
{"op": "SET", "key": "key22", "value": "value22"}
{"op": "SET", "key": "key23", "value": "value23"}
{"op": "SET", "key": "key24", "value": "value24"}
{"op": "SET", "key": "key25", "value": "value25"}
{"op": "SET", "key": "key26", "value": "value26"}
{"op": "SET", "key": "key27", "value": "value27"}
{"op": "SET", "key": "key28", "value": "value28"}
{"op": "SET", "key": "key29", "value": "value29"}
{"op": "SET", "key": "key30", "value": "value30"}
{"op": "SET", "key": "key31", "value": "value31"}
{"op": "SET", "key": "key32", "value": "value32"}
{"op": "SET", "key": "key33", "value": "value33"}
{"op": "SET", "key": "key34", "value": "value34"}
{"op": "SET", "key": "key35", "value": "value35"}
{"op": "SET", "key": "key36", "value": "value36"}
{"op": "SET", "key": "key37", "value": "value37"}
{"op": "SET", "key": "key38", "value": "value38"}
{"op": "SET", "key": "key39", "value": "value39"}
{"op": "SET", "key": "key40", "value": "value40"}
{"op": "SET", "key": "key41", "value": "value41"}
{"op": "SET", "key": "key42", "value": "value42"}
{"op": "SET", "key": "key43", "value": "value43"}
{"op": "SET", "key": "key44", "value": "value44"}
{"op": "SET", "key": "key45", "value": "value45"}
{"op": "SET", "key": "key46", "value": "value46"}
{"op": "SET", "key": "key47", "value": "value47"}
{"op": "SET", "key": "key48", "value": "value48"}
{"op": "SET", "key": "key49", "value": "value49"}
{"op": "SET", "key": "key50", "value": "value50"}
{"op": "SET", "key": "key51", "value": "value51"}
{"op": "SET", "key": "key52", "value": "value52"}
{"op": "SET", "key": "key53", "value": "value53"}
{"op": "SET", "key": "key54", "value": "value54"}
{"op": "SET", "key": "key55", "value": "value55"}
{"op": "SET", "key": "key56", "value": "value56"}
{"op": "SET", "key": "key57", "value": "value57"}
{"op": "SET", "key": "key58", "value": "value58"}
{"op": "SET", "key": "key59", "value": "value59"}
{"op": "SET", "key": "key60", "value": "value60"}
{"op": "SET", "key": "key61", "value": "value61"}
{"op": "SET", "key": "name", "value": "Aswathi"}
{"op": "SET", "key": "key0", "value": "value0"}
{"op": "SET", "key": "key1", "value": "value1"}
{"op": "SET", "key": "key2", "value": "value2"}
{"op": "SET", "key": "key3", "value": "value3"}
{"op": "SET", "key": "key4", "value": "value4"}
{"op": "SET", "key": "key5", "value": "value5"}
{"op": "SET", "key": "key6", "value": "value6"}
{"op": "SET", "key": "key7", "value": "value7"}
{"op": "SET", "key": "key8", "value": "value8"}
{"op": "SET", "key": "key9", "value": "value9"}
{"op": "SET", "key": "key10", "value": "value10"}
{"op": "SET", "key": "key11", "value": "value11"}
{"op": "SET", "key": "key12", "value": "value12"}
{"op": "SET", "key": "key13", "value": "value13"}
{"op": "SET", "key": "key14", "value": "value14"}
{"op": "SET", "key": "key15", "value": "value15"}
{"op": "SET", "key": "key16", "value": "value16"}
{"op": "SET", "key": "key17", "value": "value17"}
{"op": "SET", "key": "key18", "value": "value18"}
{"op": "SET", "key": "key19", "value": "value19"}
{"op": "SET", "key": "key20", "value": "value20"}
{"op": "SET", "key": "key21", "value": "value21"}
{"op": "SET", "key": "key22", "value": "value22"}
{"op": "SET", "key": "key23", "value": "value23"}
{"op": "SET", "key": "key24", "value": "value24"}
{"op": "SET", "key": "key25", "value": "value25"}
{"op": "SET", "key": "key26", "value": "value26"}
{"op": "SET", "key": "key27", "value": "value27"}
{"op": "SET", "key": "key28", "value": "value28"}
{"op": "SET", "key": "key29", "value": "value29"}
{"op": "SET", "key": "city", "value": "Chennai"}
{"op": "SET", "key": "key0", "value": "value0"}
{"op": "SET", "key": "key1", "value": "value1"}
{"op": "SET", "key": "key2", "value": "value2"}
{"op": "SET", "key": "key3", "value": "value3"}
{"op": "SET", "key": "key4", "value": "value4"}
{"op": "SET", "key": "key5", "value": "value5"}
{"op": "SET", "key": "key6", "value": "value6"}
{"op": "SET", "key": "key7", "value": "value7"}
{"op": "SET", "key": "key8", "value": "value8"}
{"op": "SET", "key": "key9", "value": "value9"}
{"op": "SET", "key": "key10", "value": "value10"}
{"op": "SET", "key": "key11", "value": "value11"}
{"op": "SET", "key": "key12", "value": "value12"}
{"op": "SET", "key": "key13", "value": "value13"}
{"op": "SET", "key": "key14", "value": "value14"}
{"op": "SET", "key": "key15", "value": "value15"}
{"op": "SET", "key": "key16", "value": "value16"}
{"op": "SET", "key": "key17", "value": "value17"}
{"op": "SET", "key": "key18", "value": "value18"}
{"op": "SET", "key": "key19", "value": "value19"}
{"op": "SET", "key": "key20", "value": "value20"}
{"op": "SET", "key": "key21", "value": "value21"}
{"op": "SET", "key": "key22", "value": "value22"}
{"op": "SET", "key": "key23", "value": "value23"}
{"op": "SET", "key": "key24", "value": "value24"}
{"op": "SET", "key": "key25", "value": "value25"}
{"op": "SET", "key": "key26", "value": "value26"}
{"op": "SET", "key": "key27", "value": "value27"}
{"op": "SET", "key": "name", "value": "Aswathi"}
{"op": "SET", "key": "city", "value": "Chennai"}
{"op": "SET", "key": "key0", "value": "value0"}
{"op": "SET", "key": "key1", "value": "value1"}
{"op": "SET", "key": "key2", "value": "value2"}
{"op": "SET", "key": "key3", "value": "value3"}
{"op": "SET", "key": "key4", "value": "value4"}
{"op": "SET", "key": "key5", "value": "value5"}
{"op": "SET", "key": "key6", "value": "value6"}
{"op": "SET", "key": "key7", "value": "value7"}
{"op": "SET", "key": "key8", "value": "value8"}
{"op": "SET", "key": "key9", "value": "value9"}
{"op": "SET", "key": "key10", "value": "value10"}
{"op": "SET", "key": "key11", "value": "value11"}
{"op": "SET", "key": "key12", "value": "value12"}
{"op": "SET", "key": "key13", "value": "value13"}
{"op": "SET", "key": "key14", "value": "value14"}
{"op": "SET", "key": "key15", "value": "value15"}
{"op": "SET", "key": "key16", "value": "value16"}
{"op": "SET", "key": "key17", "value": "value17"}
{"op": "SET", "key": "key18", "value": "value18"}
{"op": "SET", "key": "key19", "value": "value19"}
{"op": "SET", "key": "key20", "value": "value20"}
{"op": "SET", "key": "key21", "value": "value21"}
{"op": "SET", "key": "key22", "value": "value22"}
{"op": "SET", "key": "key23", "value": "value23"}
{"op": "SET", "key": "key24", "value": "value24"}
{"op": "SET", "key": "key25", "value": "value25"}
{"op": "SET", "key": "key26", "value": "value26"}
{"op": "SET", "key": "key27", "value": "value27"}
{"op": "SET", "key": "key28", "value": "value28"}
{"op": "SET", "key": "key29", "value": "value29"}
{"op": "SET", "key": "name", "value": "Aswathi"}
{"op": "SET", "key": "city", "value": "Chennai"}
{"op": "DEL", "key": "name"}
{"op": "DEL", "key": "city"}
{"op": "SET", "key": "name", "value": "aswathi"}
{"op": "SET", "key": "city", "value": "chennai"}
{"op": "SET", "key": "name", "value": ""}
{"op": "SET", "key": "name", "value": "aswathi"}
{"op": "DEL", "key": "name"}
{"op": "DEL", "key": " "}
{"op": "DEL", "key": " "}
{"op": "DEL", "key": " "}
{"op": "DEL", "key": " city"}
{"op": "SET", "key": "name", "value": "aswathi"}
{"op": "SET", "key": "", "value": ""}
{"op": "DEL", "key": "name"}
{"op": "DEL", "key": "city"}
{"op": "SET", "key": "name", "value": "aswathi"}
{"op": "SET", "key": "city", "value": "chennai"}
{"op": "SET", "key": "age", "value": "20"}
{"op": "SET", "key": "language", "value": "tamil"}
{"op": "SET", "key": "number", "value": "12345"}
{"op": "DEL", "key": "language"}
{"op": "DEL", "key": "number"}
{"op": "DEL", "key": "name"}
{"op": "DEL", "key": "city"}
{"op": "SET", "key": "name", "value": "aswathi"}
{"op": "SET", "key": "name", "value": "aswathi"}
{"op": "SET", "key": "name", "value": "aswathi"}
{"op": "SET", "key": "city", "value": "chennai"}
{"op": "SET", "key": "phone", "value": "12345"}
{"op": "SET", "key": "language", "value": "tamil"}
{"op": "SET", "key": "state", "value": "tn"}
